<?xml version="1.0" encoding="UTF-8"?>
<testng-results skipped="0" failed="0" ignored="0" total="2" passed="2">
  <reporter-output>
  </reporter-output>
  <suite name="Default suite" duration-ms="106" started-at="2022-06-20T09:16:03 IST" finished-at="2022-06-20T09:16:03 IST">
    <groups>
    </groups>
    <test name="Default test" duration-ms="106" started-at="2022-06-20T09:16:03 IST" finished-at="2022-06-20T09:16:03 IST">
      <class name="pavanonlinetraining.DataproviderExample">
        <test-method status="PASS" signature="loginTest(java.lang.String, java.lang.String)[pri:0, instance:pavanonlinetraining.DataproviderExample@52e677af]" name="loginTest" duration-ms="18" started-at="2022-06-20T09:16:03 IST" data-provider="LoginDataProvider" finished-at="2022-06-20T09:16:03 IST">
          <params>
            <param index="0">
              <value>
                <![CDATA[abc@gmail.com]]>
              </value>
            </param>
            <param index="1">
              <value>
                <![CDATA[abc]]>
              </value>
            </param>
          </params>
          <reporter-output>
          </reporter-output>
        </test-method> <!-- loginTest -->
        <test-method status="PASS" signature="loginTest(java.lang.String, java.lang.String)[pri:0, instance:pavanonlinetraining.DataproviderExample@52e677af]" name="loginTest" duration-ms="2" started-at="2022-06-20T09:16:03 IST" data-provider="LoginDataProvider" finished-at="2022-06-20T09:16:03 IST">
          <params>
            <param index="0">
              <value>
                <![CDATA[xyz@gmail.com]]>
              </value>
            </param>
            <param index="1">
              <value>
                <![CDATA[xyz]]>
              </value>
            </param>
          </params>
          <reporter-output>
          </reporter-output>
        </test-method> <!-- loginTest -->
      </class> <!-- pavanonlinetraining.DataproviderExample -->
    </test> <!-- Default test -->
  </suite> <!-- Default suite -->
</testng-results>
